Sequence		tRNA	Bounds	tRNA	Anti	Intron	Bounds	Inf
Name    	tRNA#	Begin	End	Type	Codon	Begin	End	Score
--------	------	-----	------	----	-----	-----	----	------
chr1	1	748391	748463	Lys	CTT	0	0	92.1
chr1	2	1032186	1032258	Arg	TCT	0	0	70.4
chr1	3	1099209	1099281	Lys	CTT	0	0	91.2
chr1	4	1498290	1498361	Thr	TGT	0	0	81.9
chr1	6	2369738	2369809	Gln	TTG	0	0	69.4
chr1	7	2524936	2525008	Lys	TTT	0	0	92.1
chr1	10	2890400	2890473	Ile	CAT	0	0	73.3
chr1	11	2973284	2973365	Leu	CAG	0	0	71.8
chr1	31	3479986	3480059	Val	CAC	0	0	62.2
chr1	32	3480160	3480239	Leu	CAA	0	0	82.4
chr1	33	3480495	3480574	Leu	CAG	0	0	77.8
chr1	34	3482150	3482223	Val	CAC	0	0	73.1
chr1	35	3482324	3482403	Leu	CAA	0	0	78.9
chr1	36	3482663	3482742	Leu	CAG	0	0	78.6
chr1	39	4070516	4070587	Gln	CTG	0	0	74.1
chr1	42	4487729	4487801	Glu	CTC	0	0	68.9
chr1	43	6530031	6530102	Thr	CGT	0	0	83.7
chr1	44	7502311	7502382	Trp	CCA	0	0	75.8
chr1	46	8176444	8176515	Cys	GCA	0	0	73.6
chr1	47	10097744	10097826	eMet	CAT	10097781	10097790	73.2
chr1	48	10657658	10657730	Ala	AGC	0	0	65.6
chr1	49	10971288	10971360	Ala	AGC	0	0	53.3
chr1	50	11635109	11635180	Thr	TGT	0	0	82.3
chr1	51	11866115	11866186	Trp	CCA	0	0	75.8
chr1	52	13490098	13490170	Glu	CTC	0	0	73.5
chr1	53	14432394	14432476	Tyr	GTA	14432431	14432440	74.3
chr1	55	16847653	16847725	Phe	GAA	0	0	78.3
chr1	56	17271955	17272028	Pro	TGG	0	0	67.3
chr1	58	16411180	16411108	Arg	CCT	0	0	66.9
chr1	59	15264293	15264220	Ile	AAT	0	0	79.1
chr1	60	15215081	15215009	Ala	TGC	0	0	56.6
chr1	61	13942346	13942273	Val	CAC	0	0	81.2
chr1	64	12544359	12544288	Gln	CTG	0	0	69.4
chr1	65	12388474	12388393	Ser	TGA	0	0	81.5
chr1	66	12147068	12146989	Leu	TAG	0	0	72.6
chr1	67	11957456	11957373	eMet	CAT	11957419	11957409	72.2
chr1	68	11585288	11585217	Trp	CCA	0	0	70.2
chr1	69	11277495	11277423	Glu	CTC	0	0	76.0
chr1	70	11119980	11119908	Lys	TTT	0	0	87.0
chr1	71	11116276	11116204	Arg	TCT	0	0	69.3
chr1	72	10888953	10888882	Asp	GTC	0	0	62.0
chr1	73	9756714	9756642	Lys	TTT	0	0	92.1
chr1	74	8988110	8988028	Tyr	GTA	8988073	8988064	74.3
chr1	75	7203489	7203417	Ala	AGC	0	0	53.3
chr1	76	6717091	6717018	Ile	AAT	0	0	78.3
chr1	77	6602992	6602920	Lys	CTT	0	0	91.2
chr1	80	5190283	5190210	Pro	CGG	0	0	62.8
chr1	81	4681801	4681731	Gly	GCC	0	0	66.3
chr1	82	4446434	4446363	Gln	CTG	0	0	59.3
chr1	83	4115131	4115060	Cys	GCA	0	0	70.7
chr1	86	3410234	3410161	Val	CAC	0	0	62.2
chr1	87	3410060	3409981	Leu	CAA	0	0	75.1
chr1	88	3409726	3409647	Leu	CAG	0	0	77.8
chr1	109	2973487	2973416	Gln	TTG	0	0	69.4
chr1	110	2713088	2713016	Phe	GAA	0	0	78.3
chr1	111	1958075	1958004	Gln	TTG	0	0	77.1
chr1	112	1854239	1854159	Leu	AAG	0	0	72.5
chr1	113	1171364	1171293	Asp	GTC	0	0	68.0
chr1	114	641977	641904	Ile	AAT	0	0	78.3
chr1	115	474989	474917	Ala	TGC	0	0	56.6
chr1	116	187808	187727	Ser	GCT	0	0	73.4
chr10	2	278338	278409	iMet	CAT	0	0	56.4
chr10	4	922066	922139	Asn	GTT	0	0	83.0
chr10	5	1644532	1644604	Glu	CTC	0	0	57.6
chr10	7	2181198	2181270	Glu	CTC	0	0	68.6
chr10	9	2903600	2903683	Leu	CAA	0	0	59.5
chr10	10	2939470	2939542	Glu	CTC	0	0	76.7
chr10	11	3190435	3190505	Gly	CCC	0	0	67.3
chr10	12	3883058	3883131	Val	AAC	0	0	70.2
chr10	13	4289709	4289792	Leu	CAA	0	0	80.4
chr10	17	5267400	5267473	Arg	TCG	0	0	82.5
chr10	18	5548945	5549038	Lys	TTT	5548982	5549002	84.4
chr10	19	6014695	6014766	Trp	CCA	0	0	75.8
chr10	20	6546170	6546243	Ile	AAT	0	0	79.3
chr10	21	6822121	6822194	Ile	AAT	0	0	79.3
chr10	23	7711769	7711841	Arg	CCG	0	0	64.6
chr10	24	8797961	8798033	Phe	GAA	0	0	78.3
chr10	25	9719071	9719152	Ser	GCT	0	0	68.6
chr10	26	9065108	9065036	Val	TAC	0	0	75.9
chr10	28	7533977	7533904	Asn	GTT	0	0	85.5
chr10	29	7533635	7533562	Asn	GTT	0	0	85.5
chr10	30	7533293	7533220	Asn	GTT	0	0	85.5
chr10	31	6536901	6536821	Ser	GCT	0	0	78.3
chr10	32	6151525	6151454	Arg	ACG	0	0	63.8
chr10	33	6150104	6150032	Arg	ACG	0	0	71.7
chr10	34	6123314	6123233	Ser	CGA	0	0	78.8
chr10	36	3160293	3160211	Tyr	GTA	3160256	3160247	74.5
chr10	37	2523426	2523353	Glu	TTC	0	0	64.3
chr10	38	2507414	2507341	Glu	TTC	0	0	64.3
chr10	39	2463231	2463158	Glu	TTC	0	0	64.3
chr10	40	2115416	2115344	Glu	CTC	0	0	76.0
chr10	41	1200233	1200162	Gly	TCC	0	0	68.9
chr10	42	164887	164814	Val	AAC	0	0	70.2
chr10	43	113788	113716	Glu	TTC	0	0	70.5
chr2	1	174145	174217	Phe	GAA	0	0	78.3
chr2	2	241551	241624	Asn	GTT	0	0	83.0
chr2	5	1755984	1756055	iMet	CAT	0	0	58.3
chr2	6	2112246	2112318	Lys	CTT	0	0	84.4
chr2	7	4463009	4463080	Thr	AGT	0	0	74.0
chr2	8	4465276	4465349	Ile	CAT	0	0	75.6
chr2	9	4510921	4510994	Thr	AGT	0	0	74.7
chr2	11	6526027	6526108	Ser	AGA	0	0	79.4
chr2	14	7031273	7031345	Ala	CGC	0	0	54.2
chr2	16	8528761	8528832	Pro	CGG	0	0	66.6
chr2	17	9121147	9121220	Arg	TCG	0	0	82.5
chr2	18	9210576	9210649	Val	CAC	0	0	82.4
chr2	19	10294200	10294281	Ser	CGA	0	0	80.8
chr2	20	12814579	12814660	Leu	CAG	0	0	69.7
chr2	21	13261232	13261311	Leu	CAG	0	0	70.8
chr2	22	14590176	14590247	Pro	CGG	0	0	69.1
chr2	23	14590331	14590402	Gln	TTG	0	0	69.4
chr2	24	15805963	15805891	Glu	CTC	0	0	78.0
chr2	25	14647160	14647088	Phe	GAA	0	0	78.3
chr2	26	14472286	14472214	Ala	AGC	0	0	65.6
chr2	27	14208234	14208163	His	GTG	0	0	56.4
chr2	28	13489603	13489523	Leu	CAG	0	0	72.5
chr2	29	13017759	13017687	Ala	TGC	0	0	56.6
chr2	30	13015100	13015029	His	GTG	0	0	63.4
chr2	31	11842487	11842415	Lys	CTT	0	0	91.2
chr2	33	11789284	11789212	Lys	CTT	0	0	91.2
chr2	34	10843280	10843208	Ala	AGC	0	0	46.8
chr2	35	10322578	10322497	Ser	CGA	0	0	81.5
chr2	36	9587916	9587845	Trp	CCA	0	0	75.8
chr2	37	9554565	9554494	His	GTG	0	0	63.0
chr2	38	8539996	8539924	Arg	ACG	0	0	75.2
chr2	39	6918048	6917975	Val	AAC	0	0	70.2
chr2	40	5860281	5860201	Ser	GCT	0	0	76.6
chr2	41	4833830	4833758	Ala	AGC	0	0	65.6
chr2	44	4156214	4156134	Ser	GCT	0	0	74.3
chr2	45	2322899	2322828	Pro	TGG	0	0	68.8
chr2	46	2173666	2173594	Lys	CTT	0	0	91.2
chr2	47	2095315	2095244	Cys	GCA	0	0	65.4
chr2	48	1547090	1547010	Leu	AAG	0	0	72.5
chr2	49	1469208	1469137	Asp	GTC	0	0	68.0
chr2	50	1460987	1460914	Thr	AGT	0	0	79.9
chr2	52	1431749	1431678	iMet	CAT	0	0	56.4
chr2	53	771420	771339	Ser	TGA	0	0	67.5
chr2	55	171039	170969	Gly	GCC	0	0	66.3
chr3	1	142782	142854	Ala	CGC	0	0	56.5
chr3	2	649827	649898	Cys	GCA	0	0	79.1
chr3	4	2662356	2662428	Glu	CTC	0	0	76.0
chr3	5	3430829	3430900	Trp	CCA	0	0	72.7
chr3	6	3723530	3723603	Ile	AAT	0	0	81.8
chr3	7	4210275	4210345	Gly	CCC	0	0	62.9
chr3	10	5832119	5832190	Gly	TCC	0	0	73.8
chr3	11	6001563	6001634	Pro	TGG	0	0	69.6
chr3	12	6644493	6644564	His	GTG	0	0	63.4
chr3	13	6784760	6784830	Gly	GCC	0	0	57.2
chr3	14	7664049	7664122	Val	CAC	0	0	82.4
chr3	15	8035502	8035574	Arg	ACG	0	0	72.9
chr3	16	8122844	8122915	iMet	CAT	0	0	56.4
chr3	17	8150437	8150509	Arg	CCT	0	0	74.8
chr3	18	8770305	8770377	Arg	ACG	0	0	72.9
chr3	19	8770478	8770550	Arg	ACG	0	0	63.8
chr3	20	9012719	9012792	Pro	AGG	0	0	59.3
chr3	21	9615777	9615848	Thr	CGT	0	0	80.5
chr3	22	10559070	10559142	Arg	TCG	0	0	82.0
chr3	23	11189303	11189383	Leu	AAG	0	0	76.2
chr3	27	11917111	11917192	Ser	AGA	0	0	78.8
chr3	33	12028558	12028631	Val	GAC	0	0	63.1
chr3	40	13006812	13006884	Lys	CTT	0	0	91.2
chr3	41	13099918	13099990	Lys	CTT	0	0	83.1
chr3	42	13817683	13817754	Asp	GTC	0	0	66.2
chr3	44	12495253	12495183	Gly	CCC	0	0	67.3
chr3	45	12266382	12266301	Leu	TAA	0	0	65.7
chr3	49	12004218	12004146	Lys	TTT	0	0	92.1
chr3	54	11932889	11932818	Thr	TGT	0	0	79.5
chr3	63	8878138	8878065	Glu	TTC	0	0	64.3
chr3	64	7921081	7921010	Gln	CTG	0	0	73.7
chr3	65	7485208	7485136	Lys	TTT	0	0	79.8
chr3	66	7042618	7042546	Arg	CCG	0	0	67.7
chr3	67	6444260	6444188	Ala	AGC	0	0	65.6
chr3	68	6432798	6432726	Ala	AGC	0	0	65.6
chr3	69	4682335	4682264	Cys	GCA	0	0	70.7
chr3	70	4312155	4312075	Ser	AGA	0	0	75.4
chr3	71	2362684	2362612	Arg	CCT	0	0	74.8
chr3	72	2349304	2349231	Ile	AAT	0	0	81.9
chr3	73	2161115	2161043	Phe	GAA	0	0	78.3
chr3	74	681659	681586	Thr	AGT	0	0	83.8
chr3	75	337783	337712	Gln	CTG	0	0	77.3
chr4	2	1176724	1176795	Cys	GCA	0	0	70.7
chr4	3	1680881	1680952	iMet	CAT	0	0	58.3
chr4	4	1790990	1791069	Leu	TAG	0	0	64.1
chr4	5	2452481	2452553	Lys	CTT	0	0	70.3
chr4	6	3393731	3393814	Leu	CAA	0	0	79.3
chr4	7	4096375	4096446	Pro	AGG	0	0	68.1
chr4	9	4727913	4727993	Ser	GCT	0	0	78.3
chr4	10	5148528	5148599	Pro	AGG	0	0	67.4
chr4	12	5470313	5470383	Gly	GCC	0	0	65.7
chr4	13	6299982	6300052	Gly	GCC	0	0	66.3
chr4	14	6331141	6331214	Val	CAC	0	0	82.4
chr4	15	7004255	7004326	Gly	TCC	0	0	73.8
chr4	16	7084302	7084374	Ala	TGC	0	0	46.6
chr4	17	7160400	7160472	Arg	TCT	0	0	72.2
chr4	19	8258709	8258779	Gly	GCC	0	0	66.3
chr4	20	8339051	8339123	Arg	CCG	0	0	67.7
chr4	21	9544386	9544467	Leu	TAA	0	0	62.6
chr4	23	9773328	9773400	Val	TAC	0	0	79.4
chr4	24	10816528	10816608	Ser	AGA	0	0	78.8
chr4	30	12725251	12725323	Ala	CGC	0	0	56.5
chr4	32	13222689	13222609	Leu	AAG	0	0	76.2
chr4	33	12967712	12967640	Arg	TCT	0	0	55.1
chr4	35	11783571	11783491	Leu	AAG	0	0	72.9
chr4	36	11601971	11601900	Gly	TCC	0	0	73.8
chr4	37	11358740	11358669	Gly	TCC	0	0	71.3
chr4	38	11332714	11332642	Lys	CTT	0	0	77.5
chr4	44	10823479	10823408	Gln	TTG	0	0	69.4
chr4	45	10435989	10435918	Arg	TCG	0	0	65.1
chr4	46	9771781	9771710	His	GTG	0	0	57.2
chr4	47	9771626	9771555	His	GTG	0	0	58.3
chr4	48	9544611	9544528	Tyr	GTA	9544574	9544564	74.2
chr4	49	8851840	8851768	Ala	TGC	0	0	64.2
chr4	51	8552475	8552404	Asp	GTC	0	0	68.0
chr4	52	8309975	8309902	Arg	TCT	0	0	72.1
chr4	53	8215925	8215856	Pro	AGG	0	0	49.3
chr4	54	7577422	7577350	Arg	ACG	0	0	73.7
chr4	55	7066191	7066119	Ala	TGC	0	0	56.6
chr4	56	6966994	6966921	Ile	CAT	0	0	75.6
chr4	57	6805643	6805572	Gly	TCC	0	0	73.8
chr4	58	6733021	6732950	Gly	TCC	0	0	73.8
chr4	59	5161282	5161201	Ser	AGA	0	0	65.5
chr4	60	4891210	4891137	Asn	GTT	0	0	69.8
chr4	61	4140053	4139982	Trp	CCA	0	0	75.2
chr4	62	2956873	2956801	Ala	CGC	0	0	56.5
chr4	63	2819966	2819895	Trp	CCA	0	0	75.8
chr4	64	2772306	2772235	iMet	CAT	0	0	56.4
chr4	65	1119877	1119804	Val	CAC	0	0	72.1
chr5	5	299260	299333	Val	CAC	0	0	73.1
chr5	6	299425	299504	Leu	CAA	0	0	82.4
chr5	7	502979	503058	Leu	CAA	0	0	82.4
chr5	8	503320	503399	Leu	CAG	0	0	77.8
chr5	9	1286719	1286799	Ser	CGA	0	0	83.3
chr5	10	2191707	2191780	Ile	CAT	0	0	73.8
chr5	11	2193645	2193716	Ala	TGC	0	0	75.5
chr5	12	2324405	2324477	Arg	CCG	0	0	77.7
chr5	13	2389718	2389789	Thr	CGT	0	0	67.3
chr5	14	2408929	2409000	Gln	TTG	0	0	73.2
chr5	15	2692815	2692886	Trp	CCA	0	0	75.8
chr5	16	2693913	2693984	Trp	CCA	0	0	75.8
chr5	17	2694059	2694130	Trp	CCA	0	0	75.8
chr5	18	2784484	2784556	Glu	CTC	0	0	76.0
chr5	19	3226120	3226192	Arg	ACG	0	0	71.7
chr5	21	3242865	3242937	Arg	ACG	0	0	59.1
chr5	22	3977813	3977884	Asp	GTC	0	0	68.0
chr5	23	4446789	4446861	Arg	TCT	0	0	71.4
chr5	24	4912587	4912670	Tyr	GTA	4912624	4912634	74.2
chr5	25	4928544	4928627	Tyr	GTA	4928581	4928591	69.8
chr5	26	5176079	5176162	Leu	CAA	0	0	74.8
chr5	27	5204715	5204795	Leu	AAG	0	0	76.2
chr5	28	5762669	5762750	Ser	AGA	0	0	77.2
chr5	31	6928304	6928376	Ala	AGC	0	0	62.2
chr5	32	7507493	7507564	iMet	CAT	0	0	58.3
chr5	33	8544758	8544839	Ser	AGA	0	0	73.4
chr5	34	8986926	8986998	Val	TAC	0	0	65.7
chr5	35	9590316	9590399	Tyr	GTA	9590353	9590363	66.5
chr5	36	9726929	9727001	Phe	GAA	0	0	78.3
chr5	37	10149439	10149512	Asn	GTT	0	0	83.0
chr5	38	10479520	10479601	Leu	TAA	0	0	59.8
chr5	39	11108523	11108596	Ile	CAT	0	0	73.5
chr5	40	11110204	11110277	Ile	CAT	0	0	68.0
chr5	41	11129078	11129151	Ile	CAT	0	0	75.6
chr5	42	11245746	11245818	Glu	CTC	0	0	76.0
chr5	44	12153333	12153404	Gln	CTG	0	0	77.6
chr5	45	12409756	12409839	Leu	CAA	0	0	78.0
chr5	46	12844103	12844176	Val	CAC	0	0	82.4
chr5	47	12096207	12096135	Lys	TTT	0	0	89.6
chr5	48	11580467	11580395	Lys	CTT	0	0	91.2
chr5	49	11402150	11402077	Val	CAC	0	0	82.4
chr5	50	11248494	11248423	Thr	TGT	0	0	77.2
chr5	51	11212414	11212334	Leu	AAG	0	0	69.4
chr5	52	9953050	9952978	Arg	CCT	0	0	72.0
chr5	53	9912274	9912203	His	GTG	0	0	63.4
chr5	54	9418788	9418717	Gln	CTG	0	0	76.4
chr5	56	6679870	6679800	Gly	GCC	0	0	53.8
chr5	57	6425553	6425482	Thr	TGT	0	0	82.3
chr5	58	6282352	6282280	Lys	CTT	0	0	91.2
chr5	60	6187420	6187349	Gly	TCC	0	0	73.6
chr5	61	5789467	5789395	Ala	TGC	0	0	56.6
chr5	62	5787558	5787484	Glu	TTC	0	0	62.7
chr5	63	5305326	5305255	Pro	AGG	0	0	67.4
chr5	64	5177302	5177231	Gln	CTG	0	0	71.8
chr5	65	5177144	5177073	Gln	CTG	0	0	62.5
chr5	66	5100040	5099969	His	GTG	0	0	63.4
chr5	67	4460869	4460788	Ser	GCT	0	0	73.4
chr5	69	3832555	3832473	eMet	CAT	3832518	3832509	72.2
chr5	71	3246944	3246872	Glu	CTC	0	0	76.0
chr5	72	3226339	3226267	Glu	CTC	0	0	73.5
chr5	73	2366814	2366741	Val	AAC	0	0	70.2
chr5	74	2193246	2193175	Thr	TGT	0	0	78.0
chr5	77	2157264	2157193	Gln	TTG	0	0	73.2
chr5	78	1295572	1295491	Ser	GCT	0	0	73.4
chr5	79	478458	478385	Val	CAC	0	0	73.1
chr5	80	478284	478205	Leu	TAA	0	0	82.5
chr5	81	477929	477850	Leu	CAG	0	0	77.8
chr5	82	475743	475670	Val	CAC	0	0	72.0
chr5	83	475569	475490	Leu	CAA	0	0	82.4
chr5	84	475229	475150	Leu	CAG	0	0	64.2
chr5	85	474248	474175	Val	CAC	0	0	73.1
chr6	2	2182867	2182939	Arg	CCG	0	0	64.8
chr6	3	2186397	2186467	Gly	GCC	0	0	66.3
chr6	4	3255368	3255438	Gly	GCC	0	0	66.3
chr6	6	4250552	4250623	Gly	TCC	0	0	68.2
chr6	7	4700199	4700270	Pro	AGG	0	0	68.1
chr6	8	5170481	5170552	Pro	AGG	0	0	67.4
chr6	9	5317587	5317659	Lys	TTT	0	0	92.1
chr6	10	5351655	5351736	Ser	CGA	0	0	83.3
chr6	11	5810494	5810565	Asp	GTC	0	0	68.0
chr6	12	6149366	6149439	Val	AAC	0	0	70.2
chr6	13	6177737	6177808	Asp	GTC	0	0	68.0
chr6	14	6739022	6739093	Trp	CCA	0	0	75.8
chr6	15	6854488	6854560	Phe	GAA	0	0	78.3
chr6	16	7144499	7144580	Ser	TGA	0	0	57.5
chr6	17	7243435	7243508	Val	AAC	0	0	62.3
chr6	18	7834355	7834428	Asn	GTT	0	0	85.9
chr6	19	7891150	7891223	Asn	GTT	0	0	85.9
chr6	21	9989918	9989988	Gly	GCC	0	0	65.7
chr6	22	10509184	10509256	Ala	TGC	0	0	56.6
chr6	23	11124075	11124141	Phe	GAA	0	0	41.3
chr6	24	11166899	11166970	Pro	CGG	0	0	68.4
chr6	25	11382034	11382106	Glu	TTC	0	0	54.7
chr6	27	11681932	11682005	Ile	AAT	0	0	82.0
chr6	29	11696957	11697030	Ile	AAT	0	0	73.3
chr6	31	11732064	11732136	Ile	AAT	0	0	66.6
chr6	32	12103973	12104044	Pro	AGG	0	0	67.4
chr6	34	11755735	11755663	Ile	AAT	0	0	59.7
chr6	35	11564819	11564746	Thr	AGT	0	0	79.9
chr6	36	11519851	11519779	Arg	ACG	0	0	72.9
chr6	37	10598294	10598222	Thr	TGT	0	0	71.6
chr6	38	9991081	9991011	Gly	GCC	0	0	64.7
chr6	39	9315002	9314931	Pro	TGG	0	0	68.5
chr6	41	7243624	7243550	Glu	TTC	0	0	55.3
chr6	42	7130435	7130354	Ser	GCT	0	0	65.7
chr6	43	6831570	6831498	Lys	TTT	0	0	68.4
chr6	44	6511889	6511818	Asp	GTC	0	0	68.0
chr6	45	6487322	6487251	Asp	GTC	0	0	68.0
chr6	47	4463604	4463524	Leu	AAG	0	0	75.5
chr6	48	4411778	4411707	Cys	GCA	0	0	66.3
chr6	49	4401340	4401269	Cys	GCA	0	0	70.7
chr6	52	3465825	3465753	Lys	CTT	0	0	92.1
chr6	53	2716262	2716189	Ile	AAT	0	0	82.4
chr6	54	2172061	2171989	Phe	GAA	0	0	78.7
chr6	55	1581074	1581001	Ile	AAT	0	0	79.3
chr6	56	918118	918037	Ser	AGA	0	0	61.4
chr6	57	838925	838854	Ala	AGC	0	0	56.5
chr7	1	381237	381309	Arg	ACG	0	0	66.6
chr7	2	791356	791428	Val	TAC	0	0	79.6
chr7	3	878652	878734	eMet	CAT	878689	878698	73.2
chr7	8	880278	880360	eMet	CAT	880315	880324	73.2
chr7	10	880794	880876	eMet	CAT	880831	880840	63.0
chr7	11	1705346	1705417	iMet	CAT	0	0	58.3
chr7	13	2327554	2327629	Thr	AGT	0	0	72.1
chr7	14	2794662	2794735	Val	AAC	0	0	70.2
chr7	15	2822262	2822334	Arg	ACG	0	0	71.3
chr7	16	3292958	3293029	Gln	CTG	0	0	69.3
chr7	17	3378051	3378124	Ile	AAT	0	0	75.7
chr7	19	3915879	3915951	Ala	TGC	0	0	56.6
chr7	20	4000369	4000440	Asp	GTC	0	0	68.0
chr7	21	4108068	4108147	Leu	TAG	0	0	74.1
chr7	22	4325914	4325985	Asp	GTC	0	0	68.0
chr7	23	4388262	4388333	Asp	GTC	0	0	68.0
chr7	24	4870005	4870075	Gly	GCC	0	0	65.7
chr7	25	4906691	4906764	Asn	GTT	0	0	71.9
chr7	26	4906833	4906906	Asn	GTT	0	0	71.9
chr7	28	6358563	6358645	eMet	CAT	6358600	6358609	73.2
chr7	30	6821843	6821915	Lys	CTT	0	0	91.2
chr7	31	7066734	7066807	Asn	GTT	0	0	83.0
chr7	32	7644721	7644792	Gln	TTG	0	0	69.0
chr7	33	7902800	7902873	Ile	AAT	0	0	79.0
chr7	34	9772713	9772786	Asn	GTT	0	0	83.0
chr7	36	10040393	10040464	Pro	TGG	0	0	68.5
chr7	37	10416339	10416412	Thr	AGT	0	0	78.6
chr7	38	10437429	10437502	Thr	AGT	0	0	78.6
chr7	39	11050015	11050086	Gln	CTG	0	0	76.0
chr7	40	11341796	11341725	Gln	CTG	0	0	76.0
chr7	42	10278087	10278015	Arg	ACG	0	0	68.9
chr7	43	9419968	9419886	Tyr	GTA	9419931	9419922	74.3
chr7	45	9140998	9140924	Glu	TTC	0	0	60.6
chr7	46	8830201	8830130	Thr	CGT	0	0	81.1
chr7	47	7885671	7885598	Ile	AAT	0	0	70.4
chr7	48	7499168	7499096	Val	TAC	0	0	71.8
chr7	50	5805836	5805755	Ser	AGA	0	0	77.2
chr7	51	5715892	5715811	Leu	CAG	0	0	72.1
chr7	54	4977531	4977449	eMet	CAT	4977494	4977485	73.2
chr7	56	4577010	4576939	Asp	GTC	0	0	68.0
chr7	58	3890183	3890113	Gly	CCC	0	0	61.7
chr7	60	1702619	1702547	Arg	TCT	0	0	69.0
chr7	61	1658068	1657997	Cys	GCA	0	0	70.7
chr7	62	1273990	1273919	Trp	CCA	0	0	75.8
chr7	63	1163325	1163253	Lys	CTT	0	0	91.2
chr7	64	872331	872260	Pro	AGG	0	0	68.1
chr7	65	719671	719599	Arg	CCG	0	0	57.6
chr8	1	458748	458821	Val	AAC	0	0	72.3
chr8	2	688989	689060	Asp	GTC	0	0	68.0
chr8	3	1070006	1070078	Arg	ACG	0	0	73.7
chr8	4	4039239	4039312	Asn	GTT	0	0	85.9
chr8	5	4044900	4044984	Asn	GTT	0	0	69.3
chr8	6	4575617	4575700	eMet	CAT	4575654	4575664	71.9
chr8	8	4575921	4576003	eMet	CAT	4575958	4575967	73.2
chr8	9	4854936	4855007	Pro	TGG	0	0	68.5
chr8	10	4860696	4860767	Pro	AGG	0	0	60.2
chr8	11	4901866	4901938	Phe	GAA	0	0	74.8
chr8	12	5180322	5180394	Val	CAC	0	0	66.8
chr8	13	5554637	5554709	Ala	AGC	0	0	63.4
chr8	15	7314385	7314457	Ala	CGC	0	0	56.5
chr8	16	7830730	7830812	Tyr	GTA	7830767	7830776	74.3
chr8	17	8005739	8005811	Arg	TCG	0	0	84.1
chr8	18	8208139	8208210	Pro	CGG	0	0	63.2
chr8	19	9406373	9406290	Tyr	GTA	9406336	9406326	74.2
chr8	21	8899942	8899872	Gly	GCC	0	0	59.5
chr8	22	8751866	8751795	Thr	CGT	0	0	80.7
chr8	24	7689532	7689460	Arg	TCG	0	0	81.8
chr8	25	6422634	6422551	Leu	CAA	0	0	74.8
chr8	26	5452982	5452900	eMet	CAT	5452945	5452936	73.2
chr8	27	5180526	5180454	Val	AAC	0	0	60.2
chr8	28	4985605	4985533	Arg	TCT	0	0	65.0
chr8	29	4655195	4655124	Gln	TTG	0	0	61.1
chr8	30	4226560	4226487	Ile	AAT	0	0	84.4
chr8	31	4198340	4198268	Arg	CCT	0	0	69.5
chr8	32	3962932	3962860	Arg	CCT	0	0	75.2
chr8	33	3935933	3935860	Asn	GTT	0	0	70.1
chr8	34	3304507	3304426	Ser	TGA	0	0	79.4
chr8	35	2949161	2949089	Ala	AGC	0	0	65.6
chr8	36	2797659	2797588	Trp	CCA	0	0	75.8
chr8	38	1479322	1479250	Glu	CTC	0	0	76.0
chr8	39	1346791	1346718	Ile	AAT	0	0	81.8
chr8	40	986471	986400	Cys	GCA	0	0	68.3
chr9	1	340367	340438	Asp	GTC	0	0	69.8
chr9	2	341158	341231	Val	AAC	0	0	72.3
chr9	3	486677	486747	Gly	GCC	0	0	66.3
chr9	4	1466399	1466472	Ile	AAT	0	0	81.8
chr9	6	2359628	2359701	Val	AAC	0	0	69.2
chr9	7	2367292	2367364	Ala	AGC	0	0	55.1
chr9	8	2424893	2424973	Ser	AGA	0	0	78.8
chr9	10	5608054	5608126	Ala	AGC	0	0	65.6
chr9	13	8011562	8011632	Gly	CCC	0	0	67.3
chr9	15	10599495	10599576	Leu	CAG	0	0	69.9
chr9	16	10066536	10066465	Asp	GTC	0	0	59.6
chr9	17	9008415	9008343	Arg	CCG	0	0	67.7
chr9	18	8595792	8595720	Glu	CTC	0	0	62.6
chr9	19	6966865	6966782	Leu	CAA	0	0	79.3
chr9	20	5254424	5254353	His	GTG	0	0	63.4
chr9	21	2695367	2695284	Leu	CAA	0	0	67.5
chr9	22	2424736	2424664	Arg	TCT	0	0	72.8
chr9	23	2369042	2368969	Val	AAC	0	0	60.5
chr9	27	630865	630778	Tyr	GTA	630828	630818	69.3
chr9	28	469912	469842	Gly	GCC	0	0	66.3
chr9	29	354413	354342	Asp	GTC	0	0	69.8
chr9	30	351131	351058	Val	AAC	0	0	66.0
chrU13	2	84489	84561	Ile	CAT	0	0	86.4
chrU13	3	102590	102662	Gly	GCC	0	0	73.4
chrU13	6	28592	28519	Arg	TCT	0	0	80.2
chrU19	1	10257	10328	Thr	TGT	0	0	78.0
chrU19	2	50022	50093	Gln	TTG	0	0	73.2
chrU19	5	11782	11709	Ile	CAT	0	0	73.8
chrU19	6	9858	9787	Ala	TGC	0	0	75.5
