Sequence		tRNA	Bounds	tRNA	Anti	Intron	Bounds	Inf
Name    	tRNA#	Begin	End	Type	Codon	Begin	End	Score
--------	------	-----	------	----	-----	-----	----	------
chr1	1	306384	306456	Val	TAC	0	0	74.4
chr1	2	515494	515566	Phe	GAA	0	0	78.3
chr1	3	552640	552711	His	GTG	0	0	63.0
chr1	4	604402	604474	Lys	CTT	0	0	87.7
chr1	5	877648	877719	Asp	GTC	0	0	69.8
chr1	6	892514	892585	Gln	CTG	0	0	74.7
chr1	8	1324923	1325007	eMet	CAT	1324961	1324971	64.2
chr1	9	1817400	1817471	Thr	TGT	0	0	83.0
chr1	10	1978084	1978157	Ile	AAT	0	0	85.5
chr1	11	2025356	2025428	Ala	AGC	0	0	63.4
chr1	12	2177885	2177958	Ile	TAT	0	0	85.9
chr1	13	2334822	2334894	Ala	AGC	0	0	63.4
chr1	14	2588525	2588596	Gly	TCC	0	0	74.1
chr1	16	2879303	2879374	Pro	AGG	0	0	68.2
chr1	17	2939417	2939488	Glu	TTC	0	0	69.9
chr1	19	3676607	3676691	eMet	CAT	3676645	3676655	64.2
chr1	20	3881529	3881608	Leu	TAG	0	0	69.5
chr1	21	4440214	4440286	Arg	ACG	0	0	72.6
chr1	22	4709635	4709706	Thr	CGT	0	0	82.3
chr1	23	4741999	4742071	Ala	TGC	0	0	70.0
chr1	24	4743095	4743167	Ala	TGC	0	0	70.0
chr1	25	5380907	5380988	Ser	AGA	0	0	77.0
chr1	26	6038757	6038838	Ser	AGA	0	0	80.5
chr1	27	6075820	6075891	Asp	GTC	0	0	69.8
chr1	28	6345764	6345835	Asp	GTC	0	0	69.8
chr1	29	6488655	6488735	Leu	CAG	0	0	70.7
chr1	30	7004514	7004585	Asp	GTC	0	0	71.4
chr1	31	7016516	7016588	Lys	CTT	0	0	87.7
chr1	32	7082668	7082739	Pro	TGG	0	0	69.2
chr1	33	9143810	9143883	Asn	GTT	0	0	86.1
chr1	34	9158183	9158255	Ala	TGC	0	0	70.0
chr1	38	10090368	10090439	Pro	TGG	0	0	68.5
chr1	39	10090769	10090840	Pro	TGG	0	0	68.5
chr1	40	10092325	10092396	Pro	TGG	0	0	68.5
chr1	41	10092801	10092872	Pro	TGG	0	0	68.5
chr1	42	10093309	10093380	Pro	TGG	0	0	68.5
chr1	43	10093746	10093817	Pro	TGG	0	0	68.5
chr1	44	10094173	10094244	Pro	TGG	0	0	68.5
chr1	46	10097114	10097185	Pro	TGG	0	0	68.5
chr1	47	10097718	10097789	Pro	TGG	0	0	68.5
chr1	48	10098653	10098724	Pro	TGG	0	0	68.5
chr1	49	10099079	10099150	Pro	TGG	0	0	68.5
chr1	50	10099425	10099496	Pro	AGG	0	0	67.4
chr1	51	10099827	10099898	Pro	TGG	0	0	68.5
chr1	52	10100273	10100344	Pro	TGG	0	0	68.5
chr1	53	10101028	10101099	Pro	TGG	0	0	68.5
chr1	54	10101600	10101671	Pro	TGG	0	0	68.5
chr1	55	10101993	10102064	Pro	TGG	0	0	68.5
chr1	56	10106090	10106161	Pro	TGG	0	0	68.5
chr1	57	10106528	10106599	Pro	TGG	0	0	68.5
chr1	58	10106898	10106969	Pro	TGG	0	0	68.5
chr1	59	10107649	10107720	Pro	TGG	0	0	68.5
chr1	60	10108389	10108460	Pro	TGG	0	0	68.5
chr1	61	10108710	10108781	Pro	TGG	0	0	62.7
chr1	62	10756722	10756794	Glu	CTC	0	0	76.3
chr1	63	11104113	11104186	Ile	AAT	0	0	86.4
chr1	64	13686426	13686498	Arg	TCT	0	0	71.0
chr1	65	17156607	17156678	Pro	TGG	0	0	68.5
chr1	67	17158531	17158602	Pro	TGG	0	0	68.5
chr1	68	17158979	17159050	Pro	TGG	0	0	68.5
chr1	69	17160528	17160599	Pro	TGG	0	0	68.5
chr1	70	17160969	17161040	Pro	TGG	0	0	68.5
chr1	71	17162022	17162093	Pro	TGG	0	0	68.5
chr1	72	17731841	17731913	Lys	CTT	0	0	87.7
chr1	73	18308903	18308987	Tyr	GTA	18308940	18308951	74.2
chr1	74	18387802	18387874	Arg	CCT	0	0	74.8
chr1	75	18552999	18553078	Leu	TAG	0	0	64.9
chr1	76	18557900	18557979	Leu	TAG	0	0	64.9
chr1	77	19424555	19424628	Asn	GTT	0	0	81.4
chr1	78	19847973	19848046	Ile	TAT	0	0	85.9
chr1	79	20791311	20791392	Ser	TGA	0	0	80.7
chr1	80	21268787	21268868	Ser	AGA	0	0	64.8
chr1	81	21269122	21269206	Tyr	GTA	21269159	21269170	64.6
chr1	82	21269552	21269636	Tyr	GTA	21269589	21269600	72.2
chr1	83	21270296	21270377	Ser	AGA	0	0	77.0
chr1	84	21270631	21270715	Tyr	GTA	21270668	21270679	64.6
chr1	85	21271061	21271145	Tyr	GTA	21271098	21271109	72.2
chr1	86	21271805	21271886	Ser	AGA	0	0	64.8
chr1	87	21272140	21272224	Tyr	GTA	21272177	21272188	64.6
chr1	88	21272570	21272654	Tyr	GTA	21272607	21272618	72.2
chr1	89	21273314	21273395	Ser	AGA	0	0	77.0
chr1	90	21273649	21273733	Tyr	GTA	21273686	21273697	64.6
chr1	91	21274079	21274163	Tyr	GTA	21274116	21274127	72.2
chr1	92	21274823	21274904	Ser	AGA	0	0	74.1
chr1	93	21275158	21275242	Tyr	GTA	21275195	21275206	72.2
chr1	94	21275609	21275693	Tyr	GTA	21275646	21275657	72.2
chr1	95	21276352	21276433	Ser	AGA	0	0	77.0
chr1	96	21276687	21276771	Tyr	GTA	21276724	21276735	64.6
chr1	97	21277117	21277201	Tyr	GTA	21277154	21277165	72.2
chr1	98	21277861	21277942	Ser	AGA	0	0	74.1
chr1	99	21278196	21278280	Tyr	GTA	21278233	21278244	72.2
chr1	100	21278647	21278731	Tyr	GTA	21278684	21278695	72.2
chr1	101	21279390	21279471	Ser	AGA	0	0	70.1
chr1	102	21279720	21279804	Tyr	GTA	21279757	21279768	72.2
chr1	103	21280178	21280262	Tyr	GTA	21280215	21280226	72.2
chr1	104	21280922	21281003	Ser	AGA	0	0	77.0
chr1	105	21281252	21281336	Tyr	GTA	21281289	21281300	72.2
chr1	106	21281710	21281794	Tyr	GTA	21281747	21281758	54.1
chr1	107	21282454	21282535	Ser	AGA	0	0	77.0
chr1	108	21282784	21282868	Tyr	GTA	21282821	21282832	72.2
chr1	109	21283242	21283326	Tyr	GTA	21283279	21283290	72.2
chr1	110	21283986	21284067	Ser	AGA	0	0	77.0
chr1	111	21284316	21284400	Tyr	GTA	21284353	21284364	72.2
chr1	112	21284774	21284858	Tyr	GTA	21284811	21284822	72.2
chr1	113	21285519	21285600	Ser	AGA	0	0	77.0
chr1	114	21285849	21285933	Tyr	GTA	21285886	21285897	72.2
chr1	115	21286306	21286390	Tyr	GTA	21286343	21286354	72.2
chr1	116	21287050	21287131	Ser	AGA	0	0	77.0
chr1	117	21287380	21287464	Tyr	GTA	21287417	21287428	72.2
chr1	118	21287837	21287921	Tyr	GTA	21287874	21287885	72.2
chr1	119	21288581	21288662	Ser	AGA	0	0	77.0
chr1	120	21288910	21288994	Tyr	GTA	21288947	21288958	72.2
chr1	121	21289368	21289452	Tyr	GTA	21289405	21289416	72.2
chr1	123	21290445	21290529	Tyr	GTA	21290482	21290493	68.9
chr1	124	21290903	21290987	Tyr	GTA	21290940	21290951	60.9
chr1	125	21291461	21291542	Ser	AGA	0	0	77.0
chr1	126	21291791	21291875	Tyr	GTA	21291828	21291839	64.3
chr1	127	21292248	21292332	Tyr	GTA	21292285	21292296	72.2
chr1	129	21293325	21293409	Tyr	GTA	21293362	21293373	68.9
chr1	130	21293783	21293867	Tyr	GTA	21293820	21293831	60.9
chr1	131	21294341	21294422	Ser	AGA	0	0	77.0
chr1	132	21294671	21294755	Tyr	GTA	21294708	21294719	64.3
chr1	133	21295128	21295212	Tyr	GTA	21295165	21295176	72.2
chr1	134	21295872	21295953	Ser	AGA	0	0	57.7
chr1	135	21296205	21296289	Tyr	GTA	21296242	21296253	68.9
chr1	136	21296663	21296747	Tyr	GTA	21296700	21296711	57.0
chr1	137	21297221	21297302	Ser	AGA	0	0	77.0
chr1	138	21297551	21297635	Tyr	GTA	21297588	21297599	50.3
chr1	139	21298009	21298093	Tyr	GTA	21298046	21298057	72.2
chr1	140	21298753	21298834	Ser	AGA	0	0	57.7
chr1	141	21299086	21299170	Tyr	GTA	21299123	21299134	68.9
chr1	142	21299544	21299628	Tyr	GTA	21299581	21299592	57.0
chr1	143	21300102	21300183	Ser	AGA	0	0	77.0
chr1	144	21300432	21300516	Tyr	GTA	21300469	21300480	50.3
chr1	145	21300890	21300974	Tyr	GTA	21300927	21300938	72.2
chr1	146	21301634	21301715	Ser	AGA	0	0	57.7
chr1	147	21301967	21302051	Tyr	GTA	21302004	21302015	68.9
chr1	148	21302425	21302509	Tyr	GTA	21302462	21302473	53.7
chr1	150	21303317	21303401	Tyr	GTA	21303354	21303365	72.2
chr1	151	21303777	21303861	Tyr	GTA	21303814	21303825	72.2
chr1	152	21304520	21304603	Ser	AGA	0	0	51.7
chr1	153	21304856	21304935	Tyr	GTA	21304893	21304899	47.2
chr1	154	21305311	21305395	Tyr	GTA	21305348	21305359	72.2
chr1	156	21306389	21306473	Tyr	GTA	21306426	21306437	72.2
chr1	157	21306849	21306933	Tyr	GTA	21306886	21306897	72.2
chr1	158	21307592	21307675	Ser	AGA	0	0	51.7
chr1	159	21307928	21308012	Tyr	GTA	21307965	21307976	47.1
chr1	160	21308387	21308471	Tyr	GTA	21308424	21308435	72.2
chr1	161	22428167	22428237	Gly	GCC	0	0	65.5
chr1	162	22887090	22887169	Leu	TAG	0	0	68.7
chr1	163	23802553	23802636	Leu	CAA	0	0	79.5
chr1	164	23933137	23933209	Ala	CGC	0	0	68.3
chr1	165	25829654	25829725	Pro	AGG	0	0	67.4
chr1	166	25886536	25886609	Ile	AAT	0	0	85.5
chr1	168	25941164	25941235	iMet	CAT	0	0	58.3
chr1	169	25989730	25989803	Ile	AAT	0	0	86.4
chr1	170	26049478	26049551	Asn	GTT	0	0	83.3
chr1	171	26973389	26973459	Gly	GCC	0	0	67.5
chr1	172	27393385	27393466	Ser	AGA	0	0	77.0
chr1	174	27788983	27789054	Asp	GTC	0	0	69.8
chr1	175	28027960	28028040	Leu	CAG	0	0	70.7
chr1	176	28184532	28184603	Asp	GTC	0	0	69.8
chr1	177	28407984	28408056	Glu	CTC	0	0	76.3
chr1	178	28440889	28440960	Thr	CGT	0	0	82.3
chr1	179	28527767	28527838	Asp	GTC	0	0	69.8
chr1	180	28634692	28634773	Ser	TGA	0	0	79.6
chr1	181	29804123	29804195	Arg	CCG	0	0	69.5
chr1	182	29833117	29833188	Lys	TTT	0	0	92.3
chr1	183	29833718	29833789	Lys	TTT	0	0	92.3
chr1	184	30237784	30237865	Ser	AGA	0	0	77.0
chr1	185	30174085	30174014	Trp	CCA	0	0	75.8
chr1	186	30084069	30083996	Arg	TCG	0	0	82.3
chr1	187	29444010	29443926	eMet	CAT	29443972	29443962	64.2
chr1	188	29143161	29143090	Gln	TTG	0	0	73.5
chr1	189	29002286	29002205	Ser	GCT	0	0	79.9
chr1	190	28947625	28947554	Gln	TTG	0	0	73.5
chr1	191	28520056	28519985	Glu	TTC	0	0	70.4
chr1	192	28373561	28373489	Glu	CTC	0	0	76.3
chr1	193	28020463	28020383	Leu	AAG	0	0	71.4
chr1	194	26382225	26382154	Pro	AGG	0	0	65.2
chr1	195	25932149	25932077	Phe	GAA	0	0	78.3
chr1	196	24487073	24486992	Ser	AGA	0	0	77.0
chr1	197	23667556	23667485	Thr	TGT	0	0	84.3
chr1	198	23559258	23559187	Cys	GCA	0	0	80.1
chr1	199	22866829	22866758	Trp	CCA	0	0	75.8
chr1	200	22477846	22477773	Arg	TCG	0	0	81.9
chr1	201	22397662	22397592	Gly	GCC	0	0	62.1
chr1	202	22394707	22394637	Gly	GCC	0	0	66.5
chr1	203	22313484	22313414	Gly	GCC	0	0	66.5
chr1	204	22040683	22040612	Pro	AGG	0	0	68.2
chr1	205	21883924	21883843	Ser	AGA	0	0	77.0
chr1	207	20413000	20412928	Ala	TGC	0	0	70.0
chr1	208	19925910	19925839	Cys	GCA	0	0	80.8
chr1	209	19685219	19685134	Tyr	GTA	19685182	19685170	74.2
chr1	210	19498492	19498419	Arg	TCG	0	0	81.9
chr1	211	18230552	18230479	Thr	AGT	0	0	70.2
chr1	212	18135669	18135598	Asp	GTC	0	0	69.8
chr1	213	16585776	16585705	Asp	GTC	0	0	63.9
chr1	214	15730686	15730615	iMet	CAT	0	0	55.0
chr1	215	11797285	11797201	eMet	CAT	11797247	11797237	64.2
chr1	216	10963646	10963573	Val	AAC	0	0	72.5
chr1	217	10207378	10207306	Glu	CTC	0	0	76.3
chr1	218	8520363	8520290	Val	AAC	0	0	72.5
chr1	219	7884454	7884370	eMet	CAT	7884416	7884406	64.2
chr1	220	7656191	7656120	Gln	TTG	0	0	73.5
chr1	221	7499804	7499733	Gln	TTG	0	0	73.5
chr1	222	7242832	7242761	Trp	CCA	0	0	72.7
chr1	223	6995353	6995282	Glu	TTC	0	0	69.9
chr1	224	6948943	6948860	Leu	CAA	0	0	82.0
chr1	225	6076018	6075945	Val	AAC	0	0	72.5
chr1	226	5619543	5619471	Arg	CCG	0	0	69.5
chr1	227	5518134	5518062	Lys	CTT	0	0	87.7
chr1	228	5309718	5309647	Trp	CCA	0	0	75.8
chr1	229	5189760	5189687	Asn	GTT	0	0	74.7
chr1	230	4522782	4522709	Ile	AAT	0	0	85.5
chr1	231	4285958	4285887	Gly	TCC	0	0	74.1
chr1	232	4267061	4266988	Val	AAC	0	0	72.5
chr1	233	3914700	3914629	Trp	CCA	0	0	75.8
chr1	234	3678848	3678775	Arg	TCG	0	0	81.9
chr1	235	3431256	3431185	Pro	AGG	0	0	68.2
chr1	236	2846608	2846536	Ala	TGC	0	0	70.0
chr1	238	2406905	2406834	His	GTG	0	0	63.0
chr1	239	2111218	2111148	Gly	GCC	0	0	66.5
chr1	240	2107468	2107398	Gly	GCC	0	0	66.5
chr1	241	1583845	1583772	Asn	GTT	0	0	83.7
chr1	242	909883	909811	Phe	GAA	0	0	78.3
chr1	243	309347	309275	Lys	CTT	0	0	87.7
chr1	244	111961	111890	Gln	CTG	0	0	72.9
chr2	1	102065	102138	Asn	GTT	0	0	83.3
chr2	2	706796	706868	Ala	AGC	0	0	63.4
chr2	3	1154385	1154457	Val	TAC	0	0	74.4
chr2	19	7039094	7039165	Gln	CTG	0	0	71.1
chr2	20	7742712	7742785	Ile	AAT	0	0	85.5
chr2	21	9137356	9137427	Pro	CGG	0	0	68.2
chr2	23	9393670	9393743	Val	CAC	0	0	81.5
chr2	24	9502280	9502353	Ile	AAT	0	0	86.4
chr2	25	9591027	9591099	Ala	CGC	0	0	63.8
chr2	26	10373576	10373648	Arg	ACG	0	0	72.5
chr2	27	10813839	10813911	Arg	TCT	0	0	71.3
chr2	28	12329003	12329074	Cys	GCA	0	0	80.8
chr2	29	12339751	12339822	His	GTG	0	0	56.8
chr2	30	12881591	12881661	Gly	GCC	0	0	66.5
chr2	31	12882734	12882804	Gly	GCC	0	0	66.5
chr2	32	13651274	13651348	Asn	GTT	0	0	73.3
chr2	33	14243131	14243202	Asp	GTC	0	0	61.7
chr2	34	14244699	14244770	Asp	GTC	0	0	69.8
chr2	35	14350386	14350457	Pro	TGG	0	0	68.5
chr2	36	14351359	14351430	Pro	TGG	0	0	68.5
chr2	37	14352191	14352262	Pro	TGG	0	0	68.5
chr2	38	14353143	14353214	Pro	AGG	0	0	67.4
chr2	39	14353656	14353727	Pro	TGG	0	0	68.5
chr2	40	14354098	14354169	Pro	TGG	0	0	68.5
chr2	41	14355137	14355208	Pro	CGG	0	0	65.9
chr2	42	14356055	14356126	Pro	AGG	0	0	67.4
chr2	43	14356521	14356592	Pro	TGG	0	0	68.5
chr2	45	14840607	14840691	eMet	CAT	14840645	14840655	64.2
chr2	46	15168862	15168935	Asn	GTT	0	0	83.3
chr2	47	15169578	15169657	Leu	TAG	0	0	68.7
chr2	48	15320234	15320316	Leu	TAA	0	0	72.9
chr2	49	15346160	15346232	Arg	TCT	0	0	71.0
chr2	50	15916817	15916889	Glu	CTC	0	0	76.3
chr2	51	16518769	16518840	Cys	GCA	0	0	79.1
chr2	52	17660778	17660848	Gly	GCC	0	0	65.5
chr2	53	17873690	17873762	Arg	ACG	0	0	72.6
chr2	54	18569911	18569983	Arg	TCT	0	0	69.1
chr2	55	18703678	18703750	Lys	CTT	0	0	87.7
chr2	56	18956641	18956713	Glu	CTC	0	0	76.3
chr2	57	19344427	19344499	Ala	TGC	0	0	70.0
chr2	58	19559925	19559855	Gly	CCC	0	0	65.4
chr2	59	18310058	18309977	Ser	GCT	0	0	80.5
chr2	60	17995644	17995573	Thr	TGT	0	0	74.3
chr2	61	17538784	17538703	Ser	GCT	0	0	81.7
chr2	62	16639851	16639780	Asp	GTC	0	0	69.8
chr2	63	16518635	16518564	Cys	GCA	0	0	79.1
chr2	64	15470245	15470162	Tyr	GTA	15470208	15470198	74.3
chr2	65	15320467	15320385	Leu	TAA	0	0	72.9
chr2	66	15208438	15208355	Tyr	GTA	15208401	15208391	74.3
chr2	67	14743548	14743475	Thr	AGT	0	0	73.6
chr2	68	14047426	14047342	eMet	CAT	14047388	14047378	64.2
chr2	69	13137308	13137236	Ala	AGC	0	0	61.0
chr2	70	12976018	12975948	Gly	GCC	0	0	66.5
chr2	71	12638228	12638156	Val	TAC	0	0	74.4
chr2	72	12471844	12471773	Gly	TCC	0	0	74.1
chr2	73	11864225	11864154	Gly	TCC	0	0	74.1
chr2	74	11774923	11774852	Lys	TTT	0	0	92.3
chr2	75	11115759	11115679	Leu	AAG	0	0	71.4
chr2	76	10059517	10059446	iMet	CAT	0	0	58.3
chr2	77	9803288	9803217	iMet	CAT	0	0	58.3
chr2	78	9465653	9465581	Arg	ACG	0	0	72.9
chr2	79	9449882	9449809	Ile	AAT	0	0	86.4
chr2	80	9270734	9270663	Gln	CTG	0	0	71.1
chr2	81	9266889	9266809	Leu	AAG	0	0	71.4
chr2	82	9234276	9234193	Tyr	GTA	9234239	9234229	74.3
chr2	84	7955750	7955677	Asn	GTT	0	0	81.4
chr2	86	6946879	6946791	Tyr	GTA	6946842	6946827	74.1
chr2	97	1123461	1123390	Thr	CGT	0	0	80.4
chr2	98	1114055	1113984	Thr	CGT	0	0	73.4
chr2	99	1054790	1054718	Ala	TGC	0	0	70.0
chr2	100	846927	846855	Ala	AGC	0	0	63.4
chr3	1	259634	259705	Pro	AGG	0	0	67.4
chr3	2	469660	469733	Ile	AAT	0	0	85.5
chr3	3	476802	476873	Asp	GTC	0	0	69.8
chr3	4	586086	586167	Ser	AGA	0	0	76.3
chr3	5	981969	982040	Trp	CCA	0	0	75.8
chr3	6	984099	984170	Trp	CCA	0	0	75.8
chr3	7	1220229	1220301	Arg	CCG	0	0	67.3
chr3	8	1738791	1738864	Ile	TAT	0	0	82.3
chr3	9	2222246	2222318	Val	TAC	0	0	74.4
chr3	10	2285602	2285673	Lys	TTT	0	0	89.8
chr3	11	2944612	2944693	Ser	CGA	0	0	82.0
chr3	12	3090544	3090626	Leu	TAA	0	0	67.5
chr3	13	3096216	3096288	Arg	TCT	0	0	71.3
chr3	14	3535146	3535218	Arg	CCT	0	0	74.8
chr3	15	3575844	3575917	Val	CAC	0	0	81.2
chr3	16	3942006	3942077	Lys	TTT	0	0	92.3
chr3	17	4254528	4254608	Leu	AAG	0	0	71.4
chr3	18	4330772	4330843	Asp	GTC	0	0	69.8
chr3	19	4998141	4998212	Cys	GCA	0	0	80.9
chr3	20	5275149	5275221	Phe	GAA	0	0	78.3
chr3	21	5632852	5632924	Lys	CTT	0	0	88.3
chr3	22	6540631	6540715	Tyr	GTA	6540668	6540679	74.2
chr3	23	6663708	6663780	Arg	CCT	0	0	74.8
chr3	26	9839184	9839257	Val	CAC	0	0	81.5
chr3	27	10210328	10210399	Asp	GTC	0	0	69.8
chr3	28	10318262	10318333	Pro	TGG	0	0	69.2
chr3	29	10324639	10324710	Pro	TGG	0	0	69.2
chr3	30	10752431	10752503	Ala	AGC	0	0	63.4
chr3	31	11075578	11075649	Pro	AGG	0	0	67.4
chr3	32	11959167	11959239	Lys	CTT	0	0	87.7
chr3	33	16885891	16885964	Val	AAC	0	0	72.5
chr3	34	16891639	16891712	Val	AAC	0	0	65.6
chr3	35	16894163	16894236	Val	AAC	0	0	72.5
chr3	36	17149752	17149823	Gly	TCC	0	0	74.1
chr3	37	17264580	17264661	Ser	AGA	0	0	77.8
chr3	38	17894411	17894482	Thr	TGT	0	0	84.3
chr3	39	18069078	18069149	Gln	TTG	0	0	73.5
chr3	40	18507812	18507885	Val	AAC	0	0	72.5
chr3	41	18826040	18826111	Glu	TTC	0	0	69.3
chr3	42	18896871	18896943	Val	TAC	0	0	71.6
chr3	43	18917433	18917506	Asn	GTT	0	0	83.3
chr3	44	19500988	19501067	Leu	TAG	0	0	69.5
chr3	45	19555036	19555107	Asp	GTC	0	0	69.8
chr3	46	19637128	19637210	Leu	TAA	0	0	67.5
chr3	47	19924377	19924448	Lys	TTT	0	0	92.3
chr3	48	19984941	19985011	Gly	GCC	0	0	66.5
chr3	49	20693686	20693757	iMet	CAT	0	0	55.0
chr3	50	20709173	20709244	iMet	CAT	0	0	46.5
chr3	51	21487317	21487398	Ser	GCT	0	0	78.8
chr3	52	21542282	21542352	Gly	GCC	0	0	66.5
chr3	54	22138723	22138796	Val	AAC	0	0	72.5
chr3	55	22611410	22611490	Leu	AAG	0	0	71.4
chr3	56	22775922	22775994	Glu	CTC	0	0	76.3
chr3	57	22842522	22842592	Gly	GCC	0	0	66.5
chr3	58	22860127	22860199	Ala	CGC	0	0	67.5
chr3	59	22881807	22881878	Gln	CTG	0	0	73.7
chr3	60	23036880	23036952	Ala	TGC	0	0	66.6
chr3	61	23210707	23210777	Gly	CCC	0	0	65.4
chr3	62	23285826	23285754	Ala	TGC	0	0	70.0
chr3	63	23285665	23285593	Ala	TGC	0	0	70.0
chr3	64	23051542	23051470	Phe	GAA	0	0	78.3
chr3	65	22470313	22470241	Lys	CTT	0	0	87.7
chr3	66	22186916	22186835	Ser	GCT	0	0	62.6
chr3	67	22138918	22138847	Asp	GTC	0	0	69.8
chr3	68	20813589	20813517	Lys	CTT	0	0	87.7
chr3	69	19409439	19409368	Cys	GCA	0	0	82.1
chr3	70	19392745	19392674	Pro	AGG	0	0	67.4
chr3	71	19033464	19033393	Asp	GTC	0	0	69.8
chr3	72	18997715	18997643	Glu	CTC	0	0	77.0
chr3	73	18744879	18744808	Glu	TTC	0	0	70.4
chr3	74	17974676	17974591	Tyr	GTA	17974639	17974627	74.2
chr3	75	16427112	16427041	Gly	TCC	0	0	74.1
chr3	76	10759465	10759393	Ala	AGC	0	0	63.4
chr3	77	9372447	9372374	Ile	AAT	0	0	86.4
chr3	78	7567465	7567394	Pro	AGG	0	0	68.2
chr3	79	7319658	7319577	Ser	GCT	0	0	76.2
chr3	80	7224290	7224218	Arg	ACG	0	0	71.4
chr3	81	6484013	6483940	Thr	AGT	0	0	75.0
chr3	82	5068367	5068294	Ile	TAT	0	0	85.9
chr3	83	3995169	3995097	Arg	CCG	0	0	83.1
chr3	84	3622763	3622692	Pro	CGG	0	0	68.2
chr3	85	3238456	3238367	Tyr	GTA	3238419	3238403	67.9
chr3	86	2945777	2945696	Ser	TGA	0	0	81.1
chr3	87	2918486	2918413	Arg	TCG	0	0	82.3
chr3	88	2253756	2253675	Ser	TGA	0	0	79.2
chr3	89	2232550	2232465	eMet	CAT	2232512	2232501	64.2
chr3	90	2105027	2104956	His	GTG	0	0	63.0
chr3	91	1920104	1920033	Pro	TGG	0	0	68.5
chr3	93	1707809	1707738	Pro	CGG	0	0	67.0
chr3	94	1601409	1601338	Glu	TTC	0	0	70.8
chr4	1	33800	33872	Lys	CTT	0	0	87.7
chr4	2	901176	901247	His	GTG	0	0	47.2
chr4	3	1390895	1390966	Pro	AGG	0	0	67.4
chr4	4	1442005	1442076	Thr	TGT	0	0	83.0
chr4	5	1501607	1501678	Gln	CTG	0	0	74.6
chr4	6	6646430	6646500	Gly	CCC	0	0	65.4
chr4	8	6819292	6819375	Tyr	GTA	6819329	6819339	74.3
chr4	9	6944727	6944798	Thr	TGT	0	0	83.0
chr4	10	7185704	7185777	Val	AAC	0	0	72.5
chr4	11	7256415	7256487	Lys	CTT	0	0	87.7
chr4	12	7730961	7731041	Leu	AAG	0	0	71.4
chr4	13	7814202	7814274	Glu	CTC	0	0	77.0
chr4	14	8255700	8255771	His	GTG	0	0	56.8
chr4	15	8979656	8979728	Lys	CTT	0	0	87.7
chr4	16	9108308	9108381	Thr	AGT	0	0	75.0
chr4	17	9191576	9191648	Val	TAC	0	0	71.5
chr4	18	9287209	9287282	Thr	AGT	0	0	73.6
chr4	19	9289685	9289765	Leu	CAG	0	0	70.7
chr4	20	10302001	10302073	Glu	CTC	0	0	69.7
chr4	21	11910289	11910362	Asn	GTT	0	0	81.4
chr4	23	12320110	12320193	Leu	CAA	0	0	79.8
chr4	24	12429599	12429671	Ala	CGC	0	0	68.3
chr4	25	12686139	12686220	Ser	GCT	0	0	79.9
chr4	26	13454557	13454629	Ala	AGC	0	0	63.4
chr4	27	13704782	13704854	Phe	GAA	0	0	78.3
chr4	28	14032490	14032561	Lys	TTT	0	0	91.2
chr4	29	14267281	14267362	Ser	GCT	0	0	80.5
chr4	30	14470278	14470349	Pro	TGG	0	0	69.2
chr4	31	15120650	15120722	Arg	TCT	0	0	70.7
chr4	32	15183084	15183156	Arg	ACG	0	0	72.9
chr4	33	15576650	15576722	Arg	TCT	0	0	70.7
chr4	34	15671393	15671463	Gly	GCC	0	0	66.5
chr4	35	15804549	15804630	Ser	CGA	0	0	82.0
chr4	36	16304124	16304196	Arg	TCT	0	0	70.3
chr4	37	16556623	16556695	Glu	CTC	0	0	76.3
chr4	38	16655286	16655359	Thr	AGT	0	0	70.2
chr4	39	17130052	17130124	Glu	CTC	0	0	76.3
chr4	40	17149471	17149542	Pro	CGG	0	0	68.2
chr4	41	18293780	18293851	His	GTG	0	0	63.0
chr4	42	18395028	18395099	Trp	CCA	0	0	75.8
chr4	43	18411265	18411338	Val	CAC	0	0	81.5
chr4	44	18542171	18542244	Ile	AAT	0	0	85.5
chr4	45	18501784	18501712	Arg	ACG	0	0	72.9
chr4	46	18255072	18254989	Tyr	GTA	18255035	18255025	74.3
chr4	47	17500878	17500807	Glu	TTC	0	0	69.9
chr4	49	17276774	17276701	Ile	TAT	0	0	85.9
chr4	50	16454769	16454697	Arg	CCT	0	0	66.6
chr4	51	15430297	15430224	Thr	AGT	0	0	73.6
chr4	52	15345796	15345712	eMet	CAT	15345758	15345748	64.2
chr4	53	13885263	13885191	Ala	CGC	0	0	68.3
chr4	54	13882988	13882917	Gln	CTG	0	0	71.1
chr4	55	13341566	13341493	Ile	AAT	0	0	86.4
chr4	56	13336410	13336337	Ile	AAT	0	0	86.4
chr4	57	13285494	13285423	Pro	TGG	0	0	69.2
chr4	58	13076657	13076574	Leu	CAA	0	0	80.7
chr4	59	13058913	13058832	Ser	TGA	0	0	80.7
chr4	60	13006306	13006234	Lys	CTT	0	0	77.2
chr4	61	12486272	12486202	Gly	CCC	0	0	65.4
chr4	62	11954813	11954741	Lys	CTT	0	0	87.7
chr4	63	11774546	11774461	Tyr	GTA	11774509	11774497	74.2
chr4	64	10878797	10878724	Thr	AGT	0	0	73.6
chr4	65	10326036	10325965	Gly	TCC	0	0	74.1
chr4	66	10093146	10093067	Leu	TAG	0	0	68.7
chr4	67	9978177	9978106	Cys	GCA	0	0	74.5
chr4	68	9873583	9873512	Trp	CCA	0	0	75.8
chr4	69	9815274	9815203	Trp	CCA	0	0	75.8
chr4	70	8301798	8301725	Thr	AGT	0	0	75.0
chr4	71	7341497	7341424	Asn	GTT	0	0	77.6
chr4	72	7232871	7232799	Ala	AGC	0	0	63.4
chr4	73	6905557	6905485	Ala	AGC	0	0	63.4
chr4	74	6837857	6837774	Leu	CAA	0	0	82.0
chr4	75	6837643	6837560	Leu	TAA	0	0	79.0
chr4	77	1520856	1520784	Phe	GAA	0	0	78.3
chr4	78	808342	808270	Phe	GAA	0	0	78.3
chr4	81	424788	424717	Gln	CTG	0	0	71.1
chr5	1	530822	530895	Val	AAC	0	0	72.5
chr5	2	614644	614725	Ser	CGA	0	0	83.5
chr5	3	858536	858619	Tyr	GTA	858573	858583	74.3
chr5	4	984367	984449	Leu	TAA	0	0	72.9
chr5	5	998942	999014	Arg	TCT	0	0	66.1
chr5	6	1742692	1742764	Arg	CCT	0	0	74.8
chr5	7	1788651	1788722	Asp	GTC	0	0	69.8
chr5	8	1804616	1804689	Val	CAC	0	0	81.5
chr5	9	2411148	2411231	Leu	CAA	0	0	75.5
chr5	10	2993327	2993400	Val	AAC	0	0	72.5
chr5	11	3118377	3118457	Leu	AAG	0	0	71.4
chr5	12	3324702	3324774	Arg	CCT	0	0	73.8
chr5	13	3617058	3617129	Gly	TCC	0	0	74.1
chr5	14	4471048	4471119	Lys	TTT	0	0	92.3
chr5	15	4530474	4530546	Lys	CTT	0	0	87.7
chr5	16	4673900	4673971	Asp	GTC	0	0	69.8
chr5	17	4929560	4929633	Val	CAC	0	0	81.5
chr5	18	5157639	5157712	Ile	AAT	0	0	86.4
chr5	19	5161512	5161583	Asp	GTC	0	0	69.8
chr5	20	5358916	5358997	Ser	AGA	0	0	77.0
chr5	21	5984377	5984448	Trp	CCA	0	0	66.2
chr5	22	6258145	6258216	Pro	TGG	0	0	69.2
chr5	23	6401239	6401309	Gly	GCC	0	0	66.5
chr5	24	7387888	7387959	Gln	CTG	0	0	74.7
chr5	25	7981398	7981469	Gln	TTG	0	0	71.9
chr5	26	8906416	8906499	Leu	CAA	0	0	79.8
chr5	27	11785055	11785126	Asp	GTC	0	0	62.3
chr5	28	15225318	15225391	Val	CAC	0	0	81.5
chr5	29	15575857	15575930	Ile	AAT	0	0	85.5
chr5	30	15976287	15976359	Ala	AGC	0	0	63.4
chr5	31	16410585	16410665	Leu	AAG	0	0	71.4
chr5	32	16638166	16638249	Leu	CAA	0	0	82.0
chr5	33	18040788	18040861	Thr	AGT	0	0	73.6
chr5	34	18558845	18558916	Gly	TCC	0	0	74.1
chr5	35	18790308	18790387	Leu	TAG	0	0	69.5
chr5	36	18907523	18907594	Cys	GCA	0	0	81.7
chr5	37	19641603	19641674	Lys	TTT	0	0	82.9
chr5	38	19803135	19803220	eMet	CAT	19803173	19803184	64.2
chr5	39	20046823	20046894	His	GTG	0	0	63.0
chr5	40	20675222	20675293	Gln	TTG	0	0	73.5
chr5	41	20756330	20756411	Ser	AGA	0	0	77.0
chr5	42	21401144	21401215	Lys	TTT	0	0	92.3
chr5	43	22074406	22074478	Phe	GAA	0	0	78.3
chr5	44	22076862	22076934	Phe	GAA	0	0	78.3
chr5	45	22828131	22828204	Ile	AAT	0	0	85.5
chr5	46	22955841	22955912	Pro	TGG	0	0	69.2
chr5	47	23445994	23446065	iMet	CAT	0	0	58.3
chr5	48	23644711	23644792	Ser	CGA	0	0	77.5
chr5	49	23844206	23844277	Asp	GTC	0	0	69.8
chr5	50	23953942	23954013	Gly	TCC	0	0	74.1
chr5	51	23957430	23957501	Gly	TCC	0	0	74.1
chr5	52	24262580	24262660	Leu	AAG	0	0	71.4
chr5	53	24530176	24530248	Ala	CGC	0	0	68.3
chr5	54	24531667	24531738	Thr	CGT	0	0	82.3
chr5	55	24667282	24667353	Lys	TTT	0	0	92.3
chr5	56	24709666	24709738	Ala	AGC	0	0	63.4
chr5	57	24838980	24839064	Tyr	GTA	24839017	24839028	75.5
chr5	58	25330036	25330107	Thr	TGT	0	0	83.0
chr5	59	25784115	25784188	Val	AAC	0	0	72.5
chr5	60	25925066	25925146	Leu	AAG	0	0	71.4
chr5	61	25972678	25972750	Arg	ACG	0	0	73.2
chr5	62	26195459	26195531	Arg	CCT	0	0	74.8
chr5	63	26568397	26568470	Ile	AAT	0	0	85.5
chr5	64	26921672	26921743	iMet	CAT	0	0	58.3
chr5	65	26682778	26682708	Gly	GCC	0	0	66.5
chr5	66	26653341	26653270	Glu	TTC	0	0	69.9
chr5	67	26556096	26556023	Asn	GTT	0	0	81.4
chr5	68	26221707	26221634	Asn	GTT	0	0	83.3
chr5	69	26157270	26157189	Ser	GCT	0	0	76.7
chr5	70	26097567	26097483	eMet	CAT	26097529	26097519	64.2
chr5	71	25875465	25875394	His	GTG	0	0	63.0
chr5	72	24140019	24139946	Val	AAC	0	0	72.5
chr5	73	23054844	23054771	Val	CAC	0	0	81.5
chr5	74	22484842	22484770	Ala	AGC	0	0	63.4
chr5	75	22340573	22340501	Phe	GAA	0	0	78.3
chr5	76	22338744	22338672	Phe	GAA	0	0	78.3
chr5	77	22287697	22287626	iMet	CAT	0	0	58.3
chr5	78	21723184	21723114	Gly	CCC	0	0	65.4
chr5	79	21300963	21300880	Leu	CAA	0	0	79.8
chr5	80	21257915	21257834	Ser	TGA	0	0	80.7
chr5	81	20741714	20741626	Tyr	GTA	20741677	20741662	74.1
chr5	82	19744246	19744175	Lys	TTT	0	0	92.3
chr5	83	18698733	18698662	Pro	TGG	0	0	69.2
chr5	84	18543051	18542980	Glu	TTC	0	0	69.9
chr5	85	17877752	17877680	Val	TAC	0	0	74.4
chr5	86	17839656	17839585	Lys	TTT	0	0	92.3
chr5	87	17495611	17495541	Gly	GCC	0	0	67.5
chr5	88	17459247	17459175	Ala	AGC	0	0	63.4
chr5	89	16667507	16667436	iMet	CAT	0	0	59.0
chr5	90	16507604	16507533	Cys	GCA	0	0	75.8
chr5	91	16239709	16239638	Asp	GTC	0	0	69.8
chr5	92	15827097	15827026	Pro	AGG	0	0	67.4
chr5	93	15032581	15032508	Asn	GTT	0	0	83.3
chr5	95	9815473	9815402	Glu	TTC	0	0	69.9
chr5	96	8946896	8946824	Phe	GAA	0	0	78.3
chr5	97	7222128	7222057	Asp	GTC	0	0	69.8
chr5	99	7074427	7074356	Cys	GCA	0	0	62.9
chr5	100	7074014	7073943	Cys	GCA	0	0	74.5
chr5	101	7073601	7073530	Cys	GCA	0	0	78.6
chr5	102	5966042	5965971	Trp	CCA	0	0	75.8
chr5	103	5962769	5962698	Trp	CCA	0	0	75.8
chr5	104	3669072	3669000	Phe	GAA	0	0	78.3
chr5	105	3578366	3578295	Gly	TCC	0	0	74.1
chr5	106	3287634	3287553	Ser	GCT	0	0	80.5
chr5	107	3212423	3212351	Arg	ACG	0	0	72.5
chr5	108	3030889	3030817	Glu	CTC	0	0	76.3
chr5	109	2898950	2898867	Leu	CAA	0	0	75.5
chr5	110	2587898	2587826	Ala	CGC	0	0	68.3
chr5	111	2432335	2432263	Ala	AGC	0	0	63.4
chr5	112	2309548	2309463	Tyr	GTA	2309511	2309499	74.2
chr5	113	2212748	2212678	Gly	GCC	0	0	66.5
chr5	114	2060234	2060153	Ser	GCT	0	0	81.7
chr5	115	1853381	1853302	Leu	TAG	0	0	69.5
chr5	116	970879	970799	Leu	AAG	0	0	71.4
chr5	117	862469	862397	Phe	GAA	0	0	78.3
chr5	118	642481	642400	Ser	TGA	0	0	81.1
chr5	119	588966	588893	Arg	TCG	0	0	82.3
chr5	120	559401	559330	His	GTG	0	0	63.0
chr5	121	508502	508430	Lys	CTT	0	0	87.7
chr5	122	389963	389893	Gly	GCC	0	0	62.4
chr5	123	150427	150355	Ala	AGC	0	0	63.4
